#-----------------------------------------------------------
# Vivado v2022.1 (64-bit)
# SW Build 3526262 on Mon Apr 18 15:48:16 MDT 2022
# IP Build 3524634 on Mon Apr 18 20:55:01 MDT 2022
# Start of session at: Fri Oct 21 19:54:41 2022
# Process ID: 384
# Current directory: C:/Users/Shlab_31/Desktop/Lab4_new
# Command line: vivado.exe -gui_launcher_event rodinguilauncherevent8280 C:\Users\Shlab_31\Desktop\Lab4_new\Lab4.xpr
# Log file: C:/Users/Shlab_31/Desktop/Lab4_new/vivado.log
# Journal file: C:/Users/Shlab_31/Desktop/Lab4_new\vivado.jou
# Running On: DESKTOP-0JE1MGS, OS: Windows, CPU Frequency: 2808 MHz, CPU Physical cores: 6, Host memory: 17053 MB
#-----------------------------------------------------------
start_gui
open_project C:/Users/Shlab_31/Desktop/Lab4_new/Lab4.xpr
WARNING: [Board 49-26] cannot add Board Part xilinx.com:kc705:part0:1.6 available at C:/Xilinx/Vivado/2022.1/data/xhub/boards/XilinxBoardStore/boards/Xilinx/kc705/1.6/board.xml as part xc7k325tffg900-2 specified in board_part file is either invalid or not available
WARNING: [Board 49-26] cannot add Board Part xilinx.com:kcu105:part0:1.6 available at C:/Xilinx/Vivado/2022.1/data/xhub/boards/XilinxBoardStore/boards/Xilinx/kcu105/1.6/board.xml as part xcku040-ffva1156-2-e specified in board_part file is either invalid or not available
WARNING: [Board 49-26] cannot add Board Part xilinx.com:kcu105:part0:1.7 available at C:/Xilinx/Vivado/2022.1/data/xhub/boards/XilinxBoardStore/boards/Xilinx/kcu105/1.7/board.xml as part xcku040-ffva1156-2-e specified in board_part file is either invalid or not available
WARNING: [Board 49-26] cannot add Board Part xilinx.com:kcu116:part0:1.4 available at C:/Xilinx/Vivado/2022.1/data/xhub/boards/XilinxBoardStore/boards/Xilinx/kcu116/1.4/board.xml as part xcku5p-ffvb676-2-e specified in board_part file is either invalid or not available
WARNING: [Board 49-26] cannot add Board Part xilinx.com:kcu116:part0:1.5 available at C:/Xilinx/Vivado/2022.1/data/xhub/boards/XilinxBoardStore/boards/Xilinx/kcu116/1.5/board.xml as part xcku5p-ffvb676-2-e specified in board_part file is either invalid or not available
WARNING: [Board 49-26] cannot add Board Part xilinx.com:kcu1500:part0:1.2 available at C:/Xilinx/Vivado/2022.1/data/xhub/boards/XilinxBoardStore/boards/Xilinx/kcu1500/1.2/board.xml as part xcku115-flvb2104-2-e specified in board_part file is either invalid or not available
WARNING: [Board 49-26] cannot add Board Part xilinx.com:sp701:part0:1.0 available at C:/Xilinx/Vivado/2022.1/data/xhub/boards/XilinxBoardStore/boards/Xilinx/sp701/1.0/board.xml as part xc7s100fgga676-2 specified in board_part file is either invalid or not available
WARNING: [Board 49-26] cannot add Board Part xilinx.com:sp701:part0:1.1 available at C:/Xilinx/Vivado/2022.1/data/xhub/boards/XilinxBoardStore/boards/Xilinx/sp701/1.1/board.xml as part xc7s100fgga676-2 specified in board_part file is either invalid or not available
WARNING: [Board 49-26] cannot add Board Part xilinx.com:vc707:part0:1.4 available at C:/Xilinx/Vivado/2022.1/data/xhub/boards/XilinxBoardStore/boards/Xilinx/vc707/1.4/board.xml as part xc7vx485tffg1761-2 specified in board_part file is either invalid or not available
WARNING: [Board 49-26] cannot add Board Part xilinx.com:vc709:part0:1.8 available at C:/Xilinx/Vivado/2022.1/data/xhub/boards/XilinxBoardStore/boards/Xilinx/vc709/1.8/board.xml as part xc7vx690tffg1761-2 specified in board_part file is either invalid or not available
WARNING: [Board 49-26] cannot add Board Part xilinx.com:vck190:part0:2.2 available at C:/Xilinx/Vivado/2022.1/data/xhub/boards/XilinxBoardStore/boards/Xilinx/vck190/production/2.2/board.xml as part xcvc1902-vsva2197-2mp-e-s specified in board_part file is either invalid or not available
WARNING: [Board 49-26] cannot add Board Part xilinx.com:vck190:part0:3.0 available at C:/Xilinx/Vivado/2022.1/data/xhub/boards/XilinxBoardStore/boards/Xilinx/vck190/production/3.0/board.xml as part xcvc1902-vsva2197-2mp-e-s specified in board_part file is either invalid or not available
WARNING: [Board 49-26] cannot add Board Part xilinx.com:vck190_newl:part0:1.0 available at C:/Xilinx/Vivado/2022.1/data/xhub/boards/XilinxBoardStore/boards/Xilinx/vck190_newl/production/1.0/board.xml as part xcvc1902-vsva2197-2mp-e-s specified in board_part file is either invalid or not available
WARNING: [Board 49-26] cannot add Board Part xilinx.com:vcu108:part0:1.6 available at C:/Xilinx/Vivado/2022.1/data/xhub/boards/XilinxBoardStore/boards/Xilinx/vcu108/1.6/board.xml as part xcvu095-ffva2104-2-e specified in board_part file is either invalid or not available
WARNING: [Board 49-26] cannot add Board Part xilinx.com:vcu108:part0:1.7 available at C:/Xilinx/Vivado/2022.1/data/xhub/boards/XilinxBoardStore/boards/Xilinx/vcu108/1.7/board.xml as part xcvu095-ffva2104-2-e specified in board_part file is either invalid or not available
WARNING: [Board 49-26] cannot add Board Part xilinx.com:vcu110:part0:1.4 available at C:/Xilinx/Vivado/2022.1/data/xhub/boards/XilinxBoardStore/boards/Xilinx/vcu110/1.4/board.xml as part xcvu190-flgc2104-2-e specified in board_part file is either invalid or not available
WARNING: [Board 49-26] cannot add Board Part xilinx.com:vcu118:part0:2.0 available at C:/Xilinx/Vivado/2022.1/data/xhub/boards/XilinxBoardStore/boards/Xilinx/vcu118/2.0/board.xml as part xcvu9p-flga2104-2l-e specified in board_part file is either invalid or not available
WARNING: [Board 49-26] cannot add Board Part xilinx.com:vcu118:part0:2.3 available at C:/Xilinx/Vivado/2022.1/data/xhub/boards/XilinxBoardStore/boards/Xilinx/vcu118/2.3/board.xml as part xcvu9p-flga2104-2l-e specified in board_part file is either invalid or not available
WARNING: [Board 49-26] cannot add Board Part xilinx.com:vcu118:part0:2.4 available at C:/Xilinx/Vivado/2022.1/data/xhub/boards/XilinxBoardStore/boards/Xilinx/vcu118/2.4/board.xml as part xcvu9p-flga2104-2l-e specified in board_part file is either invalid or not available
WARNING: [Board 49-26] cannot add Board Part xilinx.com:vcu128:part0:1.0 available at C:/Xilinx/Vivado/2022.1/data/xhub/boards/XilinxBoardStore/boards/Xilinx/vcu128/production/1.0/board.xml as part xcvu37p-fsvh2892-2l-e specified in board_part file is either invalid or not available
WARNING: [Board 49-26] cannot add Board Part xilinx.com:vcu129:part0:1.0 available at C:/Xilinx/Vivado/2022.1/data/xhub/boards/XilinxBoardStore/boards/Xilinx/vcu129/production/1.0/board.xml as part xcvu29p-fsga2577-2l-e specified in board_part file is either invalid or not available
WARNING: [Board 49-26] cannot add Board Part xilinx.com:vcu1525:part0:1.3 available at C:/Xilinx/Vivado/2022.1/data/xhub/boards/XilinxBoardStore/boards/Xilinx/vcu1525/1.3/board.xml as part xcvu9p-fsgd2104-2l-e specified in board_part file is either invalid or not available
WARNING: [Board 49-26] cannot add Board Part xilinx.com:vermeo_t1_mpsoc:part0:1.0 available at C:/Xilinx/Vivado/2022.1/data/xhub/boards/XilinxBoardStore/boards/Xilinx/vermeo_t1_mpsoc/1.0/board.xml as part xczu19eg-ffvd1760-2l-e specified in board_part file is either invalid or not available
WARNING: [Board 49-26] cannot add Board Part xilinx.com:vermeo_t1_rfsoc:part0:1.0 available at C:/Xilinx/Vivado/2022.1/data/xhub/boards/XilinxBoardStore/boards/Xilinx/vermeo_t1_rfsoc/1.0/board.xml as part xczu21dr-ffvd1156-2l-e specified in board_part file is either invalid or not available
WARNING: [Board 49-26] cannot add Board Part xilinx.com:vmk180:part0:2.2 available at C:/Xilinx/Vivado/2022.1/data/xhub/boards/XilinxBoardStore/boards/Xilinx/vmk180/production/2.2/board.xml as part xcvm1802-vsva2197-2mp-e-s specified in board_part file is either invalid or not available
WARNING: [Board 49-26] cannot add Board Part xilinx.com:vmk180:part0:3.0 available at C:/Xilinx/Vivado/2022.1/data/xhub/boards/XilinxBoardStore/boards/Xilinx/vmk180/production/3.0/board.xml as part xcvm1802-vsva2197-2mp-e-s specified in board_part file is either invalid or not available
WARNING: [Board 49-26] cannot add Board Part xilinx.com:vmk180_newl:part0:1.0 available at C:/Xilinx/Vivado/2022.1/data/xhub/boards/XilinxBoardStore/boards/Xilinx/vmk180_newl/production/1.0/board.xml as part xcvm1802-vsva2197-2mp-e-s specified in board_part file is either invalid or not available
WARNING: [Board 49-26] cannot add Board Part xilinx.com:vpk120_es:part0:1.2 available at C:/Xilinx/Vivado/2022.1/data/xhub/boards/XilinxBoardStore/boards/Xilinx/vpk120/es/1.2/board.xml as part xcvp1202-vsva2785-2mp-e-s-es1 specified in board_part file is either invalid or not available
WARNING: [Board 49-26] cannot add Board Part xilinx.com:vpk120_es_revb:part0:1.0 available at C:/Xilinx/Vivado/2022.1/data/xhub/boards/XilinxBoardStore/boards/Xilinx/vpk120_revb/es/1.0/board.xml as part xcvp1202-vsva2785-2mp-e-s-es1 specified in board_part file is either invalid or not available
WARNING: [Board 49-26] cannot add Board Part xilinx.com:zc702:part0:1.4 available at C:/Xilinx/Vivado/2022.1/data/xhub/boards/XilinxBoardStore/boards/Xilinx/zc702/1.4/board.xml as part xc7z020clg484-1 specified in board_part file is either invalid or not available
WARNING: [Board 49-26] cannot add Board Part xilinx.com:zc706:part0:1.4 available at C:/Xilinx/Vivado/2022.1/data/xhub/boards/XilinxBoardStore/boards/Xilinx/zc706/1.4/board.xml as part xc7z045ffg900-2 specified in board_part file is either invalid or not available
WARNING: [Board 49-26] cannot add Board Part xilinx.com:zcu102:part0:3.3 available at C:/Xilinx/Vivado/2022.1/data/xhub/boards/XilinxBoardStore/boards/Xilinx/zcu102/3.3/board.xml as part xczu9eg-ffvb1156-2-e specified in board_part file is either invalid or not available
WARNING: [Board 49-26] cannot add Board Part xilinx.com:zcu102:part0:3.4 available at C:/Xilinx/Vivado/2022.1/data/xhub/boards/XilinxBoardStore/boards/Xilinx/zcu102/3.4/board.xml as part xczu9eg-ffvb1156-2-e specified in board_part file is either invalid or not available
WARNING: [Board 49-26] cannot add Board Part xilinx.com:zcu104:part0:1.1 available at C:/Xilinx/Vivado/2022.1/data/xhub/boards/XilinxBoardStore/boards/Xilinx/zcu104/1.1/board.xml as part xczu7ev-ffvc1156-2-e specified in board_part file is either invalid or not available
WARNING: [Board 49-26] cannot add Board Part xilinx.com:zcu106:part0:2.4 available at C:/Xilinx/Vivado/2022.1/data/xhub/boards/XilinxBoardStore/boards/Xilinx/zcu106/2.4/board.xml as part xczu7ev-ffvc1156-2-e specified in board_part file is either invalid or not available
WARNING: [Board 49-26] cannot add Board Part xilinx.com:zcu106:part0:2.5 available at C:/Xilinx/Vivado/2022.1/data/xhub/boards/XilinxBoardStore/boards/Xilinx/zcu106/2.5/board.xml as part xczu7ev-ffvc1156-2-e specified in board_part file is either invalid or not available
WARNING: [Board 49-26] cannot add Board Part xilinx.com:zcu106:part0:2.6 available at C:/Xilinx/Vivado/2022.1/data/xhub/boards/XilinxBoardStore/boards/Xilinx/zcu106/2.6/board.xml as part xczu7ev-ffvc1156-2-e specified in board_part file is either invalid or not available
WARNING: [Board 49-26] cannot add Board Part xilinx.com:zcu111:part0:1.2 available at C:/Xilinx/Vivado/2022.1/data/xhub/boards/XilinxBoardStore/boards/Xilinx/zcu111/1.2/board.xml as part xczu28dr-ffvg1517-2-e specified in board_part file is either invalid or not available
WARNING: [Board 49-26] cannot add Board Part xilinx.com:zcu111:part0:1.3 available at C:/Xilinx/Vivado/2022.1/data/xhub/boards/XilinxBoardStore/boards/Xilinx/zcu111/1.3/board.xml as part xczu28dr-ffvg1517-2-e specified in board_part file is either invalid or not available
WARNING: [Board 49-26] cannot add Board Part xilinx.com:zcu111:part0:1.4 available at C:/Xilinx/Vivado/2022.1/data/xhub/boards/XilinxBoardStore/boards/Xilinx/zcu111/1.4/board.xml as part xczu28dr-ffvg1517-2-e specified in board_part file is either invalid or not available
WARNING: [Board 49-26] cannot add Board Part xilinx.com:zcu1275:part0:1.0 available at C:/Xilinx/Vivado/2022.1/data/xhub/boards/XilinxBoardStore/boards/Xilinx/zcu1275/1.0/board.xml as part xczu29dr-ffvf1760-2-e specified in board_part file is either invalid or not available
WARNING: [Board 49-26] cannot add Board Part xilinx.com:zcu1285:part0:1.0 available at C:/Xilinx/Vivado/2022.1/data/xhub/boards/XilinxBoardStore/boards/Xilinx/zcu1285/1.0/board.xml as part xczu39dr-ffvf1760-2-i specified in board_part file is either invalid or not available
WARNING: [Board 49-26] cannot add Board Part xilinx.com:zcu208:part0:2.0 available at C:/Xilinx/Vivado/2022.1/data/xhub/boards/XilinxBoardStore/boards/Xilinx/zcu208/production/2.0/board.xml as part xczu48dr-fsvg1517-2-e specified in board_part file is either invalid or not available
WARNING: [Board 49-26] cannot add Board Part xilinx.com:zcu208ld:part0:2.0 available at C:/Xilinx/Vivado/2022.1/data/xhub/boards/XilinxBoardStore/boards/Xilinx/zcu208ld/production/2.0/board.xml as part xczu58dr-fsvg1517-2-i specified in board_part file is either invalid or not available
WARNING: [Board 49-26] cannot add Board Part xilinx.com:zcu216:part0:2.0 available at C:/Xilinx/Vivado/2022.1/data/xhub/boards/XilinxBoardStore/boards/Xilinx/zcu216/production/2.0/board.xml as part xczu49dr-ffvf1760-2-e specified in board_part file is either invalid or not available
WARNING: [Board 49-26] cannot add Board Part xilinx.com:zcu216ld:part0:2.0 available at C:/Xilinx/Vivado/2022.1/data/xhub/boards/XilinxBoardStore/boards/Xilinx/zcu216ld/production/2.0/board.xml as part xczu59dr-ffvf1760-2-i specified in board_part file is either invalid or not available
WARNING: [Board 49-26] cannot add Board Part xilinx.com:zcu670:part0:2.0 available at C:/Xilinx/Vivado/2022.1/data/xhub/boards/XilinxBoardStore/boards/Xilinx/zcu670/2.0/board.xml as part xczu67dr-fsve1156-2-i specified in board_part file is either invalid or not available
WARNING: [Board 49-26] cannot add Board Part xilinx.com:zcu670ld:part0:1.0 available at C:/Xilinx/Vivado/2022.1/data/xhub/boards/XilinxBoardStore/boards/Xilinx/zcu670ld/1.0/board.xml as part xczu57dr-fsve1156-2-i specified in board_part file is either invalid or not available
INFO: [Project 1-313] Project file moved from 'C:/Users/Shlab_48/Desktop/Lab4' since last save.
INFO: [filemgmt 56-2] Default IP Output Path : Could not find the directory 'C:/Users/Shlab_31/Desktop/Lab4_new/Lab4.gen/sources_1', nor could it be found using path 'C:/Users/Shlab_48/Desktop/Lab4/Lab4.gen/sources_1'.
Scanning sources...
Finished scanning sources
INFO: [Project 1-1877] Auto incremental dir location 'C:/Users/Shlab_48/Desktop/Lab4/Lab4.srcs/utils_1/imports/synth_1' of run 'synth_1' is not writable, setting it to default location 'C:/Users/Shlab_31/Desktop/Lab4_new/Lab4.srcs/utils_1/imports/synth_1'.
INFO: [Project 1-1877] Auto incremental dir location 'C:/Users/Shlab_48/Desktop/Lab4/Lab4.srcs/utils_1/imports/impl_1' of run 'impl_1' is not writable, setting it to default location 'C:/Users/Shlab_31/Desktop/Lab4_new/Lab4.srcs/utils_1/imports/impl_1'.
INFO: [IP_Flow 19-234] Refreshing IP repositories
INFO: [IP_Flow 19-1704] No user IP repositories specified
INFO: [IP_Flow 19-2313] Loaded Vivado IP repository 'C:/Xilinx/Vivado/2022.1/data/ip'.
open_project: Time (s): cpu = 00:00:15 ; elapsed = 00:00:06 . Memory (MB): peak = 1629.809 ; gain = 0.000
update_compile_order -fileset sources_1
open_hw_manager
connect_hw_server -allow_non_jtag
INFO: [Labtools 27-2285] Connecting to hw_server url TCP:localhost:3121
INFO: [Labtools 27-2222] Launching hw_server...
INFO: [Labtools 27-2221] Launch Output:

****** Xilinx hw_server v2022.1
  **** Build date : Apr 18 2022 at 16:02:36
    ** Copyright 1986-2022 Xilinx, Inc. All Rights Reserved.


INFO: [Labtools 27-3415] Connecting to cs_server url TCP:localhost:3042
INFO: [Labtools 27-3417] Launching cs_server...
INFO: [Labtools 27-2221] Launch Output:


******** Xilinx cs_server v2022.1.0
  ****** Build date   : Apr 13 2022-03:12:08
    **** Build number : 2022.1.1649790728
      ** Copyright 2017-2022 Xilinx, Inc. All Rights Reserved.



connect_hw_server: Time (s): cpu = 00:00:02 ; elapsed = 00:00:07 . Memory (MB): peak = 1629.809 ; gain = 0.000
open_hw_target
INFO: [Labtoolstcl 44-466] Opening hw_target localhost:3121/xilinx_tcf/Digilent/210319A438BCA
open_hw_target: Time (s): cpu = 00:00:06 ; elapsed = 00:00:07 . Memory (MB): peak = 3199.938 ; gain = 1570.129
set_property PROGRAM.FILE {C:/Users/Shlab_31/Desktop/Lab4_new/Lab4.runs/impl_1/lab4.bit} [get_hw_devices xc7a35t_0]
current_hw_device [get_hw_devices xc7a35t_0]
refresh_hw_device -update_hw_probes false [lindex [get_hw_devices xc7a35t_0] 0]
INFO: [Labtools 27-1434] Device xc7a35t (JTAG device index = 0) is programmed with a design that has no supported debug core(s) in it.
set_property PROBES.FILE {} [get_hw_devices xc7a35t_0]
set_property FULL_PROBES.FILE {} [get_hw_devices xc7a35t_0]
set_property PROGRAM.FILE {C:/Users/Shlab_31/Desktop/Lab4_new/Lab4.runs/impl_1/lab4.bit} [get_hw_devices xc7a35t_0]
program_hw_devices [get_hw_devices xc7a35t_0]
INFO: [Labtools 27-3164] End of startup status: HIGH
refresh_hw_device [lindex [get_hw_devices xc7a35t_0] 0]
INFO: [Labtools 27-1434] Device xc7a35t (JTAG device index = 0) is programmed with a design that has no supported debug core(s) in it.
set_property PROBES.FILE {} [get_hw_devices xc7a35t_0]
set_property FULL_PROBES.FILE {} [get_hw_devices xc7a35t_0]
set_property PROGRAM.FILE {C:/Users/Shlab_31/Desktop/Lab4_new/Lab4.runs/impl_1/lab4.bit} [get_hw_devices xc7a35t_0]
program_hw_devices [get_hw_devices xc7a35t_0]
INFO: [Labtools 27-3164] End of startup status: HIGH
refresh_hw_device [lindex [get_hw_devices xc7a35t_0] 0]
INFO: [Labtools 27-1434] Device xc7a35t (JTAG device index = 0) is programmed with a design that has no supported debug core(s) in it.
set_property PROBES.FILE {} [get_hw_devices xc7a35t_0]
set_property FULL_PROBES.FILE {} [get_hw_devices xc7a35t_0]
set_property PROGRAM.FILE {C:/Users/Shlab_31/Desktop/Lab4_new/Lab4.runs/impl_1/lab4_2.bit} [get_hw_devices xc7a35t_0]
program_hw_devices [get_hw_devices xc7a35t_0]
INFO: [Labtools 27-3164] End of startup status: HIGH
refresh_hw_device [lindex [get_hw_devices xc7a35t_0] 0]
INFO: [Labtools 27-1434] Device xc7a35t (JTAG device index = 0) is programmed with a design that has no supported debug core(s) in it.
reset_run synth_1
launch_runs impl_1 -to_step write_bitstream -jobs 3
[Fri Oct 21 19:56:50 2022] Launched synth_1...
Run output will be captured here: C:/Users/Shlab_31/Desktop/Lab4_new/Lab4.runs/synth_1/runme.log
[Fri Oct 21 19:56:50 2022] Launched impl_1...
Run output will be captured here: C:/Users/Shlab_31/Desktop/Lab4_new/Lab4.runs/impl_1/runme.log
set_property PROBES.FILE {} [get_hw_devices xc7a35t_0]
set_property FULL_PROBES.FILE {} [get_hw_devices xc7a35t_0]
set_property PROGRAM.FILE {C:/Users/Shlab_31/Desktop/Lab4_new/Lab4.runs/impl_1/lab4.bit} [get_hw_devices xc7a35t_0]
program_hw_devices [get_hw_devices xc7a35t_0]
INFO: [Labtools 27-3164] End of startup status: HIGH
refresh_hw_device [lindex [get_hw_devices xc7a35t_0] 0]
INFO: [Labtools 27-1434] Device xc7a35t (JTAG device index = 0) is programmed with a design that has no supported debug core(s) in it.
reset_run synth_1
launch_runs impl_1 -to_step write_bitstream -jobs 3
[Fri Oct 21 20:10:50 2022] Launched synth_1...
Run output will be captured here: C:/Users/Shlab_31/Desktop/Lab4_new/Lab4.runs/synth_1/runme.log
[Fri Oct 21 20:10:50 2022] Launched impl_1...
Run output will be captured here: C:/Users/Shlab_31/Desktop/Lab4_new/Lab4.runs/impl_1/runme.log
set_property PROBES.FILE {} [get_hw_devices xc7a35t_0]
set_property FULL_PROBES.FILE {} [get_hw_devices xc7a35t_0]
set_property PROGRAM.FILE {C:/Users/Shlab_31/Desktop/Lab4_new/Lab4.runs/impl_1/lab4.bit} [get_hw_devices xc7a35t_0]
program_hw_devices [get_hw_devices xc7a35t_0]
INFO: [Labtools 27-3164] End of startup status: HIGH
refresh_hw_device [lindex [get_hw_devices xc7a35t_0] 0]
INFO: [Labtools 27-1434] Device xc7a35t (JTAG device index = 0) is programmed with a design that has no supported debug core(s) in it.
reset_run synth_1
launch_runs impl_1 -to_step write_bitstream -jobs 3
[Fri Oct 21 20:32:43 2022] Launched synth_1...
Run output will be captured here: C:/Users/Shlab_31/Desktop/Lab4_new/Lab4.runs/synth_1/runme.log
[Fri Oct 21 20:32:43 2022] Launched impl_1...
Run output will be captured here: C:/Users/Shlab_31/Desktop/Lab4_new/Lab4.runs/impl_1/runme.log
set_property PROBES.FILE {} [get_hw_devices xc7a35t_0]
set_property FULL_PROBES.FILE {} [get_hw_devices xc7a35t_0]
set_property PROGRAM.FILE {C:/Users/Shlab_31/Desktop/Lab4_new/Lab4.runs/impl_1/lab4.bit} [get_hw_devices xc7a35t_0]
program_hw_devices [get_hw_devices xc7a35t_0]
INFO: [Labtools 27-3164] End of startup status: HIGH
refresh_hw_device [lindex [get_hw_devices xc7a35t_0] 0]
INFO: [Labtools 27-1434] Device xc7a35t (JTAG device index = 0) is programmed with a design that has no supported debug core(s) in it.
set_property PROBES.FILE {} [get_hw_devices xc7a35t_0]
set_property FULL_PROBES.FILE {} [get_hw_devices xc7a35t_0]
set_property PROGRAM.FILE {C:/Users/Shlab_31/Desktop/Lab4_new/Lab4.runs/impl_1/lab4.bit} [get_hw_devices xc7a35t_0]
program_hw_devices [get_hw_devices xc7a35t_0]
INFO: [Labtools 27-3164] End of startup status: HIGH
refresh_hw_device [lindex [get_hw_devices xc7a35t_0] 0]
INFO: [Labtools 27-1434] Device xc7a35t (JTAG device index = 0) is programmed with a design that has no supported debug core(s) in it.
reset_run synth_1
launch_runs impl_1 -to_step write_bitstream -jobs 3
[Fri Oct 21 20:36:04 2022] Launched synth_1...
Run output will be captured here: C:/Users/Shlab_31/Desktop/Lab4_new/Lab4.runs/synth_1/runme.log
[Fri Oct 21 20:36:04 2022] Launched impl_1...
Run output will be captured here: C:/Users/Shlab_31/Desktop/Lab4_new/Lab4.runs/impl_1/runme.log
reset_run synth_1
launch_runs impl_1 -to_step write_bitstream -jobs 3
[Fri Oct 21 20:40:37 2022] Launched synth_1...
Run output will be captured here: C:/Users/Shlab_31/Desktop/Lab4_new/Lab4.runs/synth_1/runme.log
[Fri Oct 21 20:40:37 2022] Launched impl_1...
Run output will be captured here: C:/Users/Shlab_31/Desktop/Lab4_new/Lab4.runs/impl_1/runme.log
set_property PROBES.FILE {} [get_hw_devices xc7a35t_0]
set_property FULL_PROBES.FILE {} [get_hw_devices xc7a35t_0]
set_property PROGRAM.FILE {C:/Users/Shlab_31/Desktop/Lab4_new/Lab4.runs/impl_1/lab4.bit} [get_hw_devices xc7a35t_0]
program_hw_devices [get_hw_devices xc7a35t_0]
INFO: [Labtools 27-3164] End of startup status: HIGH
refresh_hw_device [lindex [get_hw_devices xc7a35t_0] 0]
INFO: [Labtools 27-1434] Device xc7a35t (JTAG device index = 0) is programmed with a design that has no supported debug core(s) in it.
reset_run synth_1
launch_runs impl_1 -to_step write_bitstream -jobs 3
[Fri Oct 21 20:43:39 2022] Launched synth_1...
Run output will be captured here: C:/Users/Shlab_31/Desktop/Lab4_new/Lab4.runs/synth_1/runme.log
[Fri Oct 21 20:43:39 2022] Launched impl_1...
Run output will be captured here: C:/Users/Shlab_31/Desktop/Lab4_new/Lab4.runs/impl_1/runme.log
set_property PROBES.FILE {} [get_hw_devices xc7a35t_0]
set_property FULL_PROBES.FILE {} [get_hw_devices xc7a35t_0]
set_property PROGRAM.FILE {C:/Users/Shlab_31/Desktop/Lab4_new/Lab4.runs/impl_1/lab4.bit} [get_hw_devices xc7a35t_0]
program_hw_devices [get_hw_devices xc7a35t_0]
INFO: [Labtools 27-3164] End of startup status: HIGH
refresh_hw_device [lindex [get_hw_devices xc7a35t_0] 0]
INFO: [Labtools 27-1434] Device xc7a35t (JTAG device index = 0) is programmed with a design that has no supported debug core(s) in it.
reset_run synth_1
launch_runs impl_1 -to_step write_bitstream -jobs 3
[Fri Oct 21 20:46:59 2022] Launched synth_1...
Run output will be captured here: C:/Users/Shlab_31/Desktop/Lab4_new/Lab4.runs/synth_1/runme.log
[Fri Oct 21 20:46:59 2022] Launched impl_1...
Run output will be captured here: C:/Users/Shlab_31/Desktop/Lab4_new/Lab4.runs/impl_1/runme.log
set_property PROBES.FILE {} [get_hw_devices xc7a35t_0]
set_property FULL_PROBES.FILE {} [get_hw_devices xc7a35t_0]
set_property PROGRAM.FILE {C:/Users/Shlab_31/Desktop/Lab4_new/Lab4.runs/impl_1/lab4.bit} [get_hw_devices xc7a35t_0]
program_hw_devices [get_hw_devices xc7a35t_0]
INFO: [Labtools 27-3164] End of startup status: HIGH
refresh_hw_device [lindex [get_hw_devices xc7a35t_0] 0]
INFO: [Labtools 27-1434] Device xc7a35t (JTAG device index = 0) is programmed with a design that has no supported debug core(s) in it.
reset_run synth_1
launch_runs impl_1 -to_step write_bitstream -jobs 3
[Fri Oct 21 20:51:47 2022] Launched synth_1...
Run output will be captured here: C:/Users/Shlab_31/Desktop/Lab4_new/Lab4.runs/synth_1/runme.log
[Fri Oct 21 20:51:47 2022] Launched impl_1...
Run output will be captured here: C:/Users/Shlab_31/Desktop/Lab4_new/Lab4.runs/impl_1/runme.log
set_property PROBES.FILE {} [get_hw_devices xc7a35t_0]
set_property FULL_PROBES.FILE {} [get_hw_devices xc7a35t_0]
set_property PROGRAM.FILE {C:/Users/Shlab_31/Desktop/Lab4_new/Lab4.runs/impl_1/lab4.bit} [get_hw_devices xc7a35t_0]
program_hw_devices [get_hw_devices xc7a35t_0]
INFO: [Labtools 27-3164] End of startup status: HIGH
refresh_hw_device [lindex [get_hw_devices xc7a35t_0] 0]
INFO: [Labtools 27-1434] Device xc7a35t (JTAG device index = 0) is programmed with a design that has no supported debug core(s) in it.
reset_run synth_1
launch_runs impl_1 -to_step write_bitstream -jobs 3
[Fri Oct 21 20:54:57 2022] Launched synth_1...
Run output will be captured here: C:/Users/Shlab_31/Desktop/Lab4_new/Lab4.runs/synth_1/runme.log
[Fri Oct 21 20:54:57 2022] Launched impl_1...
Run output will be captured here: C:/Users/Shlab_31/Desktop/Lab4_new/Lab4.runs/impl_1/runme.log
set_property PROBES.FILE {} [get_hw_devices xc7a35t_0]
set_property FULL_PROBES.FILE {} [get_hw_devices xc7a35t_0]
set_property PROGRAM.FILE {C:/Users/Shlab_31/Desktop/Lab4_new/Lab4.runs/impl_1/lab4.bit} [get_hw_devices xc7a35t_0]
program_hw_devices [get_hw_devices xc7a35t_0]
INFO: [Labtools 27-3164] End of startup status: HIGH
refresh_hw_device [lindex [get_hw_devices xc7a35t_0] 0]
INFO: [Labtools 27-1434] Device xc7a35t (JTAG device index = 0) is programmed with a design that has no supported debug core(s) in it.
reset_run synth_1
launch_runs impl_1 -to_step write_bitstream -jobs 3
[Fri Oct 21 20:58:07 2022] Launched synth_1...
Run output will be captured here: C:/Users/Shlab_31/Desktop/Lab4_new/Lab4.runs/synth_1/runme.log
[Fri Oct 21 20:58:07 2022] Launched impl_1...
Run output will be captured here: C:/Users/Shlab_31/Desktop/Lab4_new/Lab4.runs/impl_1/runme.log
set_property PROBES.FILE {} [get_hw_devices xc7a35t_0]
set_property FULL_PROBES.FILE {} [get_hw_devices xc7a35t_0]
set_property PROGRAM.FILE {C:/Users/Shlab_31/Desktop/Lab4_new/Lab4.runs/impl_1/lab4.bit} [get_hw_devices xc7a35t_0]
program_hw_devices [get_hw_devices xc7a35t_0]
INFO: [Labtools 27-3164] End of startup status: HIGH
refresh_hw_device [lindex [get_hw_devices xc7a35t_0] 0]
INFO: [Labtools 27-1434] Device xc7a35t (JTAG device index = 0) is programmed with a design that has no supported debug core(s) in it.
reset_run synth_1
launch_runs impl_1 -to_step write_bitstream -jobs 3
[Fri Oct 21 21:05:16 2022] Launched synth_1...
Run output will be captured here: C:/Users/Shlab_31/Desktop/Lab4_new/Lab4.runs/synth_1/runme.log
[Fri Oct 21 21:05:16 2022] Launched impl_1...
Run output will be captured here: C:/Users/Shlab_31/Desktop/Lab4_new/Lab4.runs/impl_1/runme.log
reset_run synth_1
launch_runs impl_1 -to_step write_bitstream -jobs 3
[Fri Oct 21 21:05:57 2022] Launched synth_1...
Run output will be captured here: C:/Users/Shlab_31/Desktop/Lab4_new/Lab4.runs/synth_1/runme.log
[Fri Oct 21 21:05:57 2022] Launched impl_1...
Run output will be captured here: C:/Users/Shlab_31/Desktop/Lab4_new/Lab4.runs/impl_1/runme.log
set_property PROBES.FILE {} [get_hw_devices xc7a35t_0]
set_property FULL_PROBES.FILE {} [get_hw_devices xc7a35t_0]
set_property PROGRAM.FILE {C:/Users/Shlab_31/Desktop/Lab4_new/Lab4.runs/impl_1/lab4.bit} [get_hw_devices xc7a35t_0]
program_hw_devices [get_hw_devices xc7a35t_0]
INFO: [Labtools 27-3164] End of startup status: HIGH
refresh_hw_device [lindex [get_hw_devices xc7a35t_0] 0]
INFO: [Labtools 27-1434] Device xc7a35t (JTAG device index = 0) is programmed with a design that has no supported debug core(s) in it.
set_property PROBES.FILE {} [get_hw_devices xc7a35t_0]
set_property FULL_PROBES.FILE {} [get_hw_devices xc7a35t_0]
set_property PROGRAM.FILE {C:/Users/Shlab_31/Desktop/Lab4_new/Lab4.runs/impl_1/lab4.bit} [get_hw_devices xc7a35t_0]
program_hw_devices [get_hw_devices xc7a35t_0]
INFO: [Labtools 27-3164] End of startup status: HIGH
refresh_hw_device [lindex [get_hw_devices xc7a35t_0] 0]
INFO: [Labtools 27-1434] Device xc7a35t (JTAG device index = 0) is programmed with a design that has no supported debug core(s) in it.
set_property PROBES.FILE {} [get_hw_devices xc7a35t_0]
set_property FULL_PROBES.FILE {} [get_hw_devices xc7a35t_0]
set_property PROGRAM.FILE {C:/Users/Shlab_31/Desktop/Lab4_new/Lab4.runs/impl_1/lab4.bit} [get_hw_devices xc7a35t_0]
program_hw_devices [get_hw_devices xc7a35t_0]
INFO: [Labtools 27-3164] End of startup status: HIGH
refresh_hw_device [lindex [get_hw_devices xc7a35t_0] 0]
INFO: [Labtools 27-1434] Device xc7a35t (JTAG device index = 0) is programmed with a design that has no supported debug core(s) in it.
reset_run synth_1
launch_runs impl_1 -to_step write_bitstream -jobs 3
[Fri Oct 21 21:20:33 2022] Launched synth_1...
Run output will be captured here: C:/Users/Shlab_31/Desktop/Lab4_new/Lab4.runs/synth_1/runme.log
[Fri Oct 21 21:20:33 2022] Launched impl_1...
Run output will be captured here: C:/Users/Shlab_31/Desktop/Lab4_new/Lab4.runs/impl_1/runme.log
reset_run synth_1
launch_runs impl_1 -to_step write_bitstream -jobs 3
[Fri Oct 21 21:21:17 2022] Launched synth_1...
Run output will be captured here: C:/Users/Shlab_31/Desktop/Lab4_new/Lab4.runs/synth_1/runme.log
[Fri Oct 21 21:21:17 2022] Launched impl_1...
Run output will be captured here: C:/Users/Shlab_31/Desktop/Lab4_new/Lab4.runs/impl_1/runme.log
reset_run synth_1
launch_runs impl_1 -to_step write_bitstream -jobs 3
[Fri Oct 21 21:22:18 2022] Launched synth_1...
Run output will be captured here: C:/Users/Shlab_31/Desktop/Lab4_new/Lab4.runs/synth_1/runme.log
[Fri Oct 21 21:22:18 2022] Launched impl_1...
Run output will be captured here: C:/Users/Shlab_31/Desktop/Lab4_new/Lab4.runs/impl_1/runme.log
reset_run impl_1
reset_run synth_1
launch_runs impl_1 -to_step write_bitstream -jobs 3
[Fri Oct 21 21:25:34 2022] Launched synth_1...
Run output will be captured here: C:/Users/Shlab_31/Desktop/Lab4_new/Lab4.runs/synth_1/runme.log
[Fri Oct 21 21:25:34 2022] Launched impl_1...
Run output will be captured here: C:/Users/Shlab_31/Desktop/Lab4_new/Lab4.runs/impl_1/runme.log
set_property PROBES.FILE {} [get_hw_devices xc7a35t_0]
set_property FULL_PROBES.FILE {} [get_hw_devices xc7a35t_0]
set_property PROGRAM.FILE {C:/Users/Shlab_31/Desktop/Lab4_new/Lab4.runs/impl_1/lab4.bit} [get_hw_devices xc7a35t_0]
program_hw_devices [get_hw_devices xc7a35t_0]
INFO: [Labtools 27-3164] End of startup status: HIGH
refresh_hw_device [lindex [get_hw_devices xc7a35t_0] 0]
INFO: [Labtools 27-1434] Device xc7a35t (JTAG device index = 0) is programmed with a design that has no supported debug core(s) in it.
reset_run synth_1
launch_runs impl_1 -to_step write_bitstream -jobs 3
[Fri Oct 21 21:28:47 2022] Launched synth_1...
Run output will be captured here: C:/Users/Shlab_31/Desktop/Lab4_new/Lab4.runs/synth_1/runme.log
[Fri Oct 21 21:28:47 2022] Launched impl_1...
Run output will be captured here: C:/Users/Shlab_31/Desktop/Lab4_new/Lab4.runs/impl_1/runme.log
set_property PROBES.FILE {} [get_hw_devices xc7a35t_0]
set_property FULL_PROBES.FILE {} [get_hw_devices xc7a35t_0]
set_property PROGRAM.FILE {C:/Users/Shlab_31/Desktop/Lab4_new/Lab4.runs/impl_1/lab4.bit} [get_hw_devices xc7a35t_0]
program_hw_devices [get_hw_devices xc7a35t_0]
INFO: [Labtools 27-3164] End of startup status: HIGH
refresh_hw_device [lindex [get_hw_devices xc7a35t_0] 0]
INFO: [Labtools 27-1434] Device xc7a35t (JTAG device index = 0) is programmed with a design that has no supported debug core(s) in it.
reset_run synth_1
launch_runs impl_1 -to_step write_bitstream -jobs 3
[Fri Oct 21 21:33:52 2022] Launched synth_1...
Run output will be captured here: C:/Users/Shlab_31/Desktop/Lab4_new/Lab4.runs/synth_1/runme.log
[Fri Oct 21 21:33:52 2022] Launched impl_1...
Run output will be captured here: C:/Users/Shlab_31/Desktop/Lab4_new/Lab4.runs/impl_1/runme.log
set_property PROBES.FILE {} [get_hw_devices xc7a35t_0]
set_property FULL_PROBES.FILE {} [get_hw_devices xc7a35t_0]
set_property PROGRAM.FILE {C:/Users/Shlab_31/Desktop/Lab4_new/Lab4.runs/impl_1/lab4.bit} [get_hw_devices xc7a35t_0]
program_hw_devices [get_hw_devices xc7a35t_0]
INFO: [Labtools 27-3164] End of startup status: HIGH
refresh_hw_device [lindex [get_hw_devices xc7a35t_0] 0]
INFO: [Labtools 27-1434] Device xc7a35t (JTAG device index = 0) is programmed with a design that has no supported debug core(s) in it.
reset_run synth_1
launch_runs impl_1 -to_step write_bitstream -jobs 3
[Fri Oct 21 21:42:49 2022] Launched synth_1...
Run output will be captured here: C:/Users/Shlab_31/Desktop/Lab4_new/Lab4.runs/synth_1/runme.log
[Fri Oct 21 21:42:49 2022] Launched impl_1...
Run output will be captured here: C:/Users/Shlab_31/Desktop/Lab4_new/Lab4.runs/impl_1/runme.log
reset_run synth_1
launch_runs impl_1 -to_step write_bitstream -jobs 3
[Fri Oct 21 21:44:12 2022] Launched synth_1...
Run output will be captured here: C:/Users/Shlab_31/Desktop/Lab4_new/Lab4.runs/synth_1/runme.log
[Fri Oct 21 21:44:12 2022] Launched impl_1...
Run output will be captured here: C:/Users/Shlab_31/Desktop/Lab4_new/Lab4.runs/impl_1/runme.log
set_property PROBES.FILE {} [get_hw_devices xc7a35t_0]
set_property FULL_PROBES.FILE {} [get_hw_devices xc7a35t_0]
set_property PROGRAM.FILE {C:/Users/Shlab_31/Desktop/Lab4_new/Lab4.runs/impl_1/lab4.bit} [get_hw_devices xc7a35t_0]
program_hw_devices [get_hw_devices xc7a35t_0]
INFO: [Labtools 27-3164] End of startup status: HIGH
refresh_hw_device [lindex [get_hw_devices xc7a35t_0] 0]
INFO: [Labtools 27-1434] Device xc7a35t (JTAG device index = 0) is programmed with a design that has no supported debug core(s) in it.
reset_run synth_1
launch_runs impl_1 -to_step write_bitstream -jobs 3
[Fri Oct 21 21:47:56 2022] Launched synth_1...
Run output will be captured here: C:/Users/Shlab_31/Desktop/Lab4_new/Lab4.runs/synth_1/runme.log
[Fri Oct 21 21:47:56 2022] Launched impl_1...
Run output will be captured here: C:/Users/Shlab_31/Desktop/Lab4_new/Lab4.runs/impl_1/runme.log
reset_run synth_1
WARNING: [Vivado 12-1017] Problems encountered:
1. PID not specified

launch_runs impl_1 -to_step write_bitstream -jobs 3
[Fri Oct 21 21:51:00 2022] Launched synth_1...
Run output will be captured here: C:/Users/Shlab_31/Desktop/Lab4_new/Lab4.runs/synth_1/runme.log
[Fri Oct 21 21:51:00 2022] Launched impl_1...
Run output will be captured here: C:/Users/Shlab_31/Desktop/Lab4_new/Lab4.runs/impl_1/runme.log
reset_run synth_1
launch_runs impl_1 -to_step write_bitstream -jobs 3
[Fri Oct 21 21:51:51 2022] Launched synth_1...
Run output will be captured here: C:/Users/Shlab_31/Desktop/Lab4_new/Lab4.runs/synth_1/runme.log
[Fri Oct 21 21:51:51 2022] Launched impl_1...
Run output will be captured here: C:/Users/Shlab_31/Desktop/Lab4_new/Lab4.runs/impl_1/runme.log
set_property PROBES.FILE {} [get_hw_devices xc7a35t_0]
set_property FULL_PROBES.FILE {} [get_hw_devices xc7a35t_0]
set_property PROGRAM.FILE {C:/Users/Shlab_31/Desktop/Lab4_new/Lab4.runs/impl_1/lab4.bit} [get_hw_devices xc7a35t_0]
program_hw_devices [get_hw_devices xc7a35t_0]
INFO: [Labtools 27-3164] End of startup status: HIGH
refresh_hw_device [lindex [get_hw_devices xc7a35t_0] 0]
INFO: [Labtools 27-1434] Device xc7a35t (JTAG device index = 0) is programmed with a design that has no supported debug core(s) in it.
reset_run synth_1
launch_runs impl_1 -to_step write_bitstream -jobs 3
[Fri Oct 21 21:55:06 2022] Launched synth_1...
Run output will be captured here: C:/Users/Shlab_31/Desktop/Lab4_new/Lab4.runs/synth_1/runme.log
[Fri Oct 21 21:55:06 2022] Launched impl_1...
Run output will be captured here: C:/Users/Shlab_31/Desktop/Lab4_new/Lab4.runs/impl_1/runme.log
set_property PROBES.FILE {} [get_hw_devices xc7a35t_0]
set_property FULL_PROBES.FILE {} [get_hw_devices xc7a35t_0]
set_property PROGRAM.FILE {C:/Users/Shlab_31/Desktop/Lab4_new/Lab4.runs/impl_1/lab4.bit} [get_hw_devices xc7a35t_0]
program_hw_devices [get_hw_devices xc7a35t_0]
INFO: [Labtools 27-3164] End of startup status: HIGH
refresh_hw_device [lindex [get_hw_devices xc7a35t_0] 0]
INFO: [Labtools 27-1434] Device xc7a35t (JTAG device index = 0) is programmed with a design that has no supported debug core(s) in it.
reset_run synth_1
launch_runs impl_1 -to_step write_bitstream -jobs 3
[Fri Oct 21 22:13:25 2022] Launched synth_1...
Run output will be captured here: C:/Users/Shlab_31/Desktop/Lab4_new/Lab4.runs/synth_1/runme.log
[Fri Oct 21 22:13:25 2022] Launched impl_1...
Run output will be captured here: C:/Users/Shlab_31/Desktop/Lab4_new/Lab4.runs/impl_1/runme.log
set_property PROBES.FILE {} [get_hw_devices xc7a35t_0]
set_property FULL_PROBES.FILE {} [get_hw_devices xc7a35t_0]
set_property PROGRAM.FILE {C:/Users/Shlab_31/Desktop/Lab4_new/Lab4.runs/impl_1/lab4.bit} [get_hw_devices xc7a35t_0]
program_hw_devices [get_hw_devices xc7a35t_0]
INFO: [Labtools 27-3164] End of startup status: HIGH
refresh_hw_device [lindex [get_hw_devices xc7a35t_0] 0]
INFO: [Labtools 27-1434] Device xc7a35t (JTAG device index = 0) is programmed with a design that has no supported debug core(s) in it.
reset_run synth_1
launch_runs impl_1 -to_step write_bitstream -jobs 3
[Fri Oct 21 22:17:58 2022] Launched synth_1...
Run output will be captured here: C:/Users/Shlab_31/Desktop/Lab4_new/Lab4.runs/synth_1/runme.log
[Fri Oct 21 22:17:58 2022] Launched impl_1...
Run output will be captured here: C:/Users/Shlab_31/Desktop/Lab4_new/Lab4.runs/impl_1/runme.log
set_property PROBES.FILE {} [get_hw_devices xc7a35t_0]
set_property FULL_PROBES.FILE {} [get_hw_devices xc7a35t_0]
set_property PROGRAM.FILE {C:/Users/Shlab_31/Desktop/Lab4_new/Lab4.runs/impl_1/lab4.bit} [get_hw_devices xc7a35t_0]
program_hw_devices [get_hw_devices xc7a35t_0]
INFO: [Labtools 27-3164] End of startup status: HIGH
refresh_hw_device [lindex [get_hw_devices xc7a35t_0] 0]
INFO: [Labtools 27-1434] Device xc7a35t (JTAG device index = 0) is programmed with a design that has no supported debug core(s) in it.
reset_run synth_1
launch_runs impl_1 -to_step write_bitstream -jobs 3
[Fri Oct 21 22:22:05 2022] Launched synth_1...
Run output will be captured here: C:/Users/Shlab_31/Desktop/Lab4_new/Lab4.runs/synth_1/runme.log
[Fri Oct 21 22:22:05 2022] Launched impl_1...
Run output will be captured here: C:/Users/Shlab_31/Desktop/Lab4_new/Lab4.runs/impl_1/runme.log
reset_run impl_1
reset_run synth_1
launch_runs impl_1 -to_step write_bitstream -jobs 3
[Fri Oct 21 22:23:53 2022] Launched synth_1...
Run output will be captured here: C:/Users/Shlab_31/Desktop/Lab4_new/Lab4.runs/synth_1/runme.log
[Fri Oct 21 22:23:53 2022] Launched impl_1...
Run output will be captured here: C:/Users/Shlab_31/Desktop/Lab4_new/Lab4.runs/impl_1/runme.log
set_property PROBES.FILE {} [get_hw_devices xc7a35t_0]
set_property FULL_PROBES.FILE {} [get_hw_devices xc7a35t_0]
set_property PROGRAM.FILE {C:/Users/Shlab_31/Desktop/Lab4_new/Lab4.runs/impl_1/lab4.bit} [get_hw_devices xc7a35t_0]
program_hw_devices [get_hw_devices xc7a35t_0]
INFO: [Labtools 27-3164] End of startup status: HIGH
refresh_hw_device [lindex [get_hw_devices xc7a35t_0] 0]
INFO: [Labtools 27-1434] Device xc7a35t (JTAG device index = 0) is programmed with a design that has no supported debug core(s) in it.
reset_run synth_1
launch_runs impl_1 -to_step write_bitstream -jobs 3
[Fri Oct 21 22:27:49 2022] Launched synth_1...
Run output will be captured here: C:/Users/Shlab_31/Desktop/Lab4_new/Lab4.runs/synth_1/runme.log
[Fri Oct 21 22:27:49 2022] Launched impl_1...
Run output will be captured here: C:/Users/Shlab_31/Desktop/Lab4_new/Lab4.runs/impl_1/runme.log
set_property PROBES.FILE {} [get_hw_devices xc7a35t_0]
set_property FULL_PROBES.FILE {} [get_hw_devices xc7a35t_0]
set_property PROGRAM.FILE {C:/Users/Shlab_31/Desktop/Lab4_new/Lab4.runs/impl_1/lab4.bit} [get_hw_devices xc7a35t_0]
program_hw_devices [get_hw_devices xc7a35t_0]
INFO: [Labtools 27-3164] End of startup status: HIGH
refresh_hw_device [lindex [get_hw_devices xc7a35t_0] 0]
INFO: [Labtools 27-1434] Device xc7a35t (JTAG device index = 0) is programmed with a design that has no supported debug core(s) in it.
reset_run synth_1
launch_runs impl_1 -to_step write_bitstream -jobs 3
[Fri Oct 21 22:32:47 2022] Launched synth_1...
Run output will be captured here: C:/Users/Shlab_31/Desktop/Lab4_new/Lab4.runs/synth_1/runme.log
[Fri Oct 21 22:32:47 2022] Launched impl_1...
Run output will be captured here: C:/Users/Shlab_31/Desktop/Lab4_new/Lab4.runs/impl_1/runme.log
reset_run synth_1
WARNING: [Vivado 12-1017] Problems encountered:
1. PID not specified

launch_runs impl_1 -to_step write_bitstream -jobs 3
[Fri Oct 21 22:33:12 2022] Launched synth_1...
Run output will be captured here: C:/Users/Shlab_31/Desktop/Lab4_new/Lab4.runs/synth_1/runme.log
[Fri Oct 21 22:33:12 2022] Launched impl_1...
Run output will be captured here: C:/Users/Shlab_31/Desktop/Lab4_new/Lab4.runs/impl_1/runme.log
set_property PROBES.FILE {} [get_hw_devices xc7a35t_0]
set_property FULL_PROBES.FILE {} [get_hw_devices xc7a35t_0]
set_property PROGRAM.FILE {C:/Users/Shlab_31/Desktop/Lab4_new/Lab4.runs/impl_1/lab4.bit} [get_hw_devices xc7a35t_0]
program_hw_devices [get_hw_devices xc7a35t_0]
INFO: [Labtools 27-3164] End of startup status: HIGH
refresh_hw_device [lindex [get_hw_devices xc7a35t_0] 0]
INFO: [Labtools 27-1434] Device xc7a35t (JTAG device index = 0) is programmed with a design that has no supported debug core(s) in it.
reset_run synth_1
launch_runs impl_1 -to_step write_bitstream -jobs 3
[Fri Oct 21 22:40:22 2022] Launched synth_1...
Run output will be captured here: C:/Users/Shlab_31/Desktop/Lab4_new/Lab4.runs/synth_1/runme.log
[Fri Oct 21 22:40:22 2022] Launched impl_1...
Run output will be captured here: C:/Users/Shlab_31/Desktop/Lab4_new/Lab4.runs/impl_1/runme.log
set_property PROBES.FILE {} [get_hw_devices xc7a35t_0]
set_property FULL_PROBES.FILE {} [get_hw_devices xc7a35t_0]
set_property PROGRAM.FILE {C:/Users/Shlab_31/Desktop/Lab4_new/Lab4.runs/impl_1/lab4.bit} [get_hw_devices xc7a35t_0]
program_hw_devices [get_hw_devices xc7a35t_0]
INFO: [Labtools 27-3164] End of startup status: HIGH
refresh_hw_device [lindex [get_hw_devices xc7a35t_0] 0]
INFO: [Labtools 27-1434] Device xc7a35t (JTAG device index = 0) is programmed with a design that has no supported debug core(s) in it.
reset_run synth_1
launch_runs impl_1 -to_step write_bitstream -jobs 3
[Fri Oct 21 22:43:46 2022] Launched synth_1...
Run output will be captured here: C:/Users/Shlab_31/Desktop/Lab4_new/Lab4.runs/synth_1/runme.log
[Fri Oct 21 22:43:46 2022] Launched impl_1...
Run output will be captured here: C:/Users/Shlab_31/Desktop/Lab4_new/Lab4.runs/impl_1/runme.log
set_property PROBES.FILE {} [get_hw_devices xc7a35t_0]
set_property FULL_PROBES.FILE {} [get_hw_devices xc7a35t_0]
set_property PROGRAM.FILE {C:/Users/Shlab_31/Desktop/Lab4_new/Lab4.runs/impl_1/lab4.bit} [get_hw_devices xc7a35t_0]
program_hw_devices [get_hw_devices xc7a35t_0]
INFO: [Labtools 27-3164] End of startup status: HIGH
refresh_hw_device [lindex [get_hw_devices xc7a35t_0] 0]
INFO: [Labtools 27-1434] Device xc7a35t (JTAG device index = 0) is programmed with a design that has no supported debug core(s) in it.
reset_run synth_1
launch_runs impl_1 -to_step write_bitstream -jobs 3
[Fri Oct 21 22:51:02 2022] Launched synth_1...
Run output will be captured here: C:/Users/Shlab_31/Desktop/Lab4_new/Lab4.runs/synth_1/runme.log
[Fri Oct 21 22:51:02 2022] Launched impl_1...
Run output will be captured here: C:/Users/Shlab_31/Desktop/Lab4_new/Lab4.runs/impl_1/runme.log
set_property PROBES.FILE {} [get_hw_devices xc7a35t_0]
set_property FULL_PROBES.FILE {} [get_hw_devices xc7a35t_0]
set_property PROGRAM.FILE {C:/Users/Shlab_31/Desktop/Lab4_new/Lab4.runs/impl_1/lab4.bit} [get_hw_devices xc7a35t_0]
program_hw_devices [get_hw_devices xc7a35t_0]
INFO: [Labtools 27-3164] End of startup status: HIGH
refresh_hw_device [lindex [get_hw_devices xc7a35t_0] 0]
INFO: [Labtools 27-1434] Device xc7a35t (JTAG device index = 0) is programmed with a design that has no supported debug core(s) in it.
set_property PROBES.FILE {} [get_hw_devices xc7a35t_0]
set_property FULL_PROBES.FILE {} [get_hw_devices xc7a35t_0]
set_property PROGRAM.FILE {C:/Users/Shlab_31/Desktop/Lab4_new/Lab4.runs/impl_1/lab4.bit} [get_hw_devices xc7a35t_0]
program_hw_devices [get_hw_devices xc7a35t_0]
INFO: [Labtools 27-3164] End of startup status: HIGH
refresh_hw_device [lindex [get_hw_devices xc7a35t_0] 0]
INFO: [Labtools 27-1434] Device xc7a35t (JTAG device index = 0) is programmed with a design that has no supported debug core(s) in it.
reset_run synth_1
launch_runs impl_1 -to_step write_bitstream -jobs 3
[Fri Oct 21 22:57:08 2022] Launched synth_1...
Run output will be captured here: C:/Users/Shlab_31/Desktop/Lab4_new/Lab4.runs/synth_1/runme.log
[Fri Oct 21 22:57:08 2022] Launched impl_1...
Run output will be captured here: C:/Users/Shlab_31/Desktop/Lab4_new/Lab4.runs/impl_1/runme.log
set_property PROBES.FILE {} [get_hw_devices xc7a35t_0]
set_property FULL_PROBES.FILE {} [get_hw_devices xc7a35t_0]
set_property PROGRAM.FILE {C:/Users/Shlab_31/Desktop/Lab4_new/Lab4.runs/impl_1/lab4.bit} [get_hw_devices xc7a35t_0]
program_hw_devices [get_hw_devices xc7a35t_0]
INFO: [Labtools 27-3164] End of startup status: HIGH
refresh_hw_device [lindex [get_hw_devices xc7a35t_0] 0]
INFO: [Labtools 27-1434] Device xc7a35t (JTAG device index = 0) is programmed with a design that has no supported debug core(s) in it.
reset_run synth_1
launch_runs impl_1 -to_step write_bitstream -jobs 3
[Fri Oct 21 23:00:42 2022] Launched synth_1...
Run output will be captured here: C:/Users/Shlab_31/Desktop/Lab4_new/Lab4.runs/synth_1/runme.log
[Fri Oct 21 23:00:42 2022] Launched impl_1...
Run output will be captured here: C:/Users/Shlab_31/Desktop/Lab4_new/Lab4.runs/impl_1/runme.log
set_property PROBES.FILE {} [get_hw_devices xc7a35t_0]
set_property FULL_PROBES.FILE {} [get_hw_devices xc7a35t_0]
set_property PROGRAM.FILE {C:/Users/Shlab_31/Desktop/Lab4_new/Lab4.runs/impl_1/lab4.bit} [get_hw_devices xc7a35t_0]
program_hw_devices [get_hw_devices xc7a35t_0]
INFO: [Labtools 27-3164] End of startup status: HIGH
refresh_hw_device [lindex [get_hw_devices xc7a35t_0] 0]
INFO: [Labtools 27-1434] Device xc7a35t (JTAG device index = 0) is programmed with a design that has no supported debug core(s) in it.
reset_run synth_1
launch_runs impl_1 -to_step write_bitstream -jobs 3
[Fri Oct 21 23:04:10 2022] Launched synth_1...
Run output will be captured here: C:/Users/Shlab_31/Desktop/Lab4_new/Lab4.runs/synth_1/runme.log
[Fri Oct 21 23:04:10 2022] Launched impl_1...
Run output will be captured here: C:/Users/Shlab_31/Desktop/Lab4_new/Lab4.runs/impl_1/runme.log
set_property PROBES.FILE {} [get_hw_devices xc7a35t_0]
set_property FULL_PROBES.FILE {} [get_hw_devices xc7a35t_0]
set_property PROGRAM.FILE {C:/Users/Shlab_31/Desktop/Lab4_new/Lab4.runs/impl_1/lab4.bit} [get_hw_devices xc7a35t_0]
program_hw_devices [get_hw_devices xc7a35t_0]
INFO: [Labtools 27-3164] End of startup status: HIGH
refresh_hw_device [lindex [get_hw_devices xc7a35t_0] 0]
INFO: [Labtools 27-1434] Device xc7a35t (JTAG device index = 0) is programmed with a design that has no supported debug core(s) in it.
reset_run synth_1
launch_runs impl_1 -to_step write_bitstream -jobs 3
[Fri Oct 21 23:07:15 2022] Launched synth_1...
Run output will be captured here: C:/Users/Shlab_31/Desktop/Lab4_new/Lab4.runs/synth_1/runme.log
[Fri Oct 21 23:07:15 2022] Launched impl_1...
Run output will be captured here: C:/Users/Shlab_31/Desktop/Lab4_new/Lab4.runs/impl_1/runme.log
set_property PROBES.FILE {} [get_hw_devices xc7a35t_0]
set_property FULL_PROBES.FILE {} [get_hw_devices xc7a35t_0]
set_property PROGRAM.FILE {C:/Users/Shlab_31/Desktop/Lab4_new/Lab4.runs/impl_1/lab4.bit} [get_hw_devices xc7a35t_0]
program_hw_devices [get_hw_devices xc7a35t_0]
INFO: [Labtools 27-3164] End of startup status: HIGH
refresh_hw_device [lindex [get_hw_devices xc7a35t_0] 0]
INFO: [Labtools 27-1434] Device xc7a35t (JTAG device index = 0) is programmed with a design that has no supported debug core(s) in it.
reset_run impl_1 -prev_step 
launch_runs impl_1 -to_step write_bitstream -jobs 3
WARNING: [Vivado 12-872] Run step 'Design Initialization' is out-of-date.
[Fri Oct 21 23:10:11 2022] Launched impl_1...
Run output will be captured here: C:/Users/Shlab_31/Desktop/Lab4_new/Lab4.runs/impl_1/runme.log
set_property PROBES.FILE {} [get_hw_devices xc7a35t_0]
set_property FULL_PROBES.FILE {} [get_hw_devices xc7a35t_0]
set_property PROGRAM.FILE {C:/Users/Shlab_31/Desktop/Lab4_new/Lab4.runs/impl_1/lab4.bit} [get_hw_devices xc7a35t_0]
program_hw_devices [get_hw_devices xc7a35t_0]
INFO: [Labtools 27-3164] End of startup status: HIGH
refresh_hw_device [lindex [get_hw_devices xc7a35t_0] 0]
INFO: [Labtools 27-1434] Device xc7a35t (JTAG device index = 0) is programmed with a design that has no supported debug core(s) in it.
reset_run synth_1
launch_runs impl_1 -to_step write_bitstream -jobs 3
[Fri Oct 21 23:11:50 2022] Launched synth_1...
Run output will be captured here: C:/Users/Shlab_31/Desktop/Lab4_new/Lab4.runs/synth_1/runme.log
[Fri Oct 21 23:11:50 2022] Launched impl_1...
Run output will be captured here: C:/Users/Shlab_31/Desktop/Lab4_new/Lab4.runs/impl_1/runme.log
set_property PROBES.FILE {} [get_hw_devices xc7a35t_0]
set_property FULL_PROBES.FILE {} [get_hw_devices xc7a35t_0]
set_property PROGRAM.FILE {C:/Users/Shlab_31/Desktop/Lab4_new/Lab4.runs/impl_1/lab4.bit} [get_hw_devices xc7a35t_0]
program_hw_devices [get_hw_devices xc7a35t_0]
INFO: [Labtools 27-3164] End of startup status: HIGH
refresh_hw_device [lindex [get_hw_devices xc7a35t_0] 0]
INFO: [Labtools 27-1434] Device xc7a35t (JTAG device index = 0) is programmed with a design that has no supported debug core(s) in it.
reset_run synth_1
launch_runs impl_1 -to_step write_bitstream -jobs 3
[Fri Oct 21 23:19:00 2022] Launched synth_1...
Run output will be captured here: C:/Users/Shlab_31/Desktop/Lab4_new/Lab4.runs/synth_1/runme.log
[Fri Oct 21 23:19:00 2022] Launched impl_1...
Run output will be captured here: C:/Users/Shlab_31/Desktop/Lab4_new/Lab4.runs/impl_1/runme.log
set_property PROBES.FILE {} [get_hw_devices xc7a35t_0]
set_property FULL_PROBES.FILE {} [get_hw_devices xc7a35t_0]
set_property PROGRAM.FILE {C:/Users/Shlab_31/Desktop/Lab4_new/Lab4.runs/impl_1/lab4.bit} [get_hw_devices xc7a35t_0]
program_hw_devices [get_hw_devices xc7a35t_0]
INFO: [Labtools 27-3164] End of startup status: HIGH
refresh_hw_device [lindex [get_hw_devices xc7a35t_0] 0]
INFO: [Labtools 27-1434] Device xc7a35t (JTAG device index = 0) is programmed with a design that has no supported debug core(s) in it.
reset_run synth_1
launch_runs impl_1 -to_step write_bitstream -jobs 3
[Fri Oct 21 23:23:17 2022] Launched synth_1...
Run output will be captured here: C:/Users/Shlab_31/Desktop/Lab4_new/Lab4.runs/synth_1/runme.log
[Fri Oct 21 23:23:17 2022] Launched impl_1...
Run output will be captured here: C:/Users/Shlab_31/Desktop/Lab4_new/Lab4.runs/impl_1/runme.log
set_property PROBES.FILE {} [get_hw_devices xc7a35t_0]
set_property FULL_PROBES.FILE {} [get_hw_devices xc7a35t_0]
set_property PROGRAM.FILE {C:/Users/Shlab_31/Desktop/Lab4_new/Lab4.runs/impl_1/lab4.bit} [get_hw_devices xc7a35t_0]
program_hw_devices [get_hw_devices xc7a35t_0]
INFO: [Labtools 27-3164] End of startup status: HIGH
refresh_hw_device [lindex [get_hw_devices xc7a35t_0] 0]
INFO: [Labtools 27-1434] Device xc7a35t (JTAG device index = 0) is programmed with a design that has no supported debug core(s) in it.
reset_run synth_1
launch_runs impl_1 -to_step write_bitstream -jobs 3
[Fri Oct 21 23:35:15 2022] Launched synth_1...
Run output will be captured here: C:/Users/Shlab_31/Desktop/Lab4_new/Lab4.runs/synth_1/runme.log
[Fri Oct 21 23:35:15 2022] Launched impl_1...
Run output will be captured here: C:/Users/Shlab_31/Desktop/Lab4_new/Lab4.runs/impl_1/runme.log
reset_run synth_1
launch_runs impl_1 -to_step write_bitstream -jobs 3
[Fri Oct 21 23:36:44 2022] Launched synth_1...
Run output will be captured here: C:/Users/Shlab_31/Desktop/Lab4_new/Lab4.runs/synth_1/runme.log
[Fri Oct 21 23:36:44 2022] Launched impl_1...
Run output will be captured here: C:/Users/Shlab_31/Desktop/Lab4_new/Lab4.runs/impl_1/runme.log
set_property PROBES.FILE {} [get_hw_devices xc7a35t_0]
set_property FULL_PROBES.FILE {} [get_hw_devices xc7a35t_0]
set_property PROGRAM.FILE {C:/Users/Shlab_31/Desktop/Lab4_new/Lab4.runs/impl_1/lab4.bit} [get_hw_devices xc7a35t_0]
program_hw_devices [get_hw_devices xc7a35t_0]
INFO: [Labtools 27-3164] End of startup status: HIGH
refresh_hw_device [lindex [get_hw_devices xc7a35t_0] 0]
INFO: [Labtools 27-1434] Device xc7a35t (JTAG device index = 0) is programmed with a design that has no supported debug core(s) in it.
reset_run synth_1
launch_runs impl_1 -to_step write_bitstream -jobs 3
[Sat Oct 22 00:26:13 2022] Launched synth_1...
Run output will be captured here: C:/Users/Shlab_31/Desktop/Lab4_new/Lab4.runs/synth_1/runme.log
[Sat Oct 22 00:26:13 2022] Launched impl_1...
Run output will be captured here: C:/Users/Shlab_31/Desktop/Lab4_new/Lab4.runs/impl_1/runme.log
reset_run impl_1
reset_run synth_1
launch_runs impl_1 -to_step write_bitstream -jobs 3
[Sat Oct 22 00:28:04 2022] Launched synth_1...
Run output will be captured here: C:/Users/Shlab_31/Desktop/Lab4_new/Lab4.runs/synth_1/runme.log
[Sat Oct 22 00:28:04 2022] Launched impl_1...
Run output will be captured here: C:/Users/Shlab_31/Desktop/Lab4_new/Lab4.runs/impl_1/runme.log
set_property PROBES.FILE {} [get_hw_devices xc7a35t_0]
set_property FULL_PROBES.FILE {} [get_hw_devices xc7a35t_0]
set_property PROGRAM.FILE {C:/Users/Shlab_31/Desktop/Lab4_new/Lab4.runs/impl_1/lab4.bit} [get_hw_devices xc7a35t_0]
program_hw_devices [get_hw_devices xc7a35t_0]
INFO: [Labtools 27-3164] End of startup status: HIGH
refresh_hw_device [lindex [get_hw_devices xc7a35t_0] 0]
INFO: [Labtools 27-1434] Device xc7a35t (JTAG device index = 0) is programmed with a design that has no supported debug core(s) in it.
set_property PROBES.FILE {} [get_hw_devices xc7a35t_0]
set_property FULL_PROBES.FILE {} [get_hw_devices xc7a35t_0]
set_property PROGRAM.FILE {C:/Users/Shlab_31/Desktop/Lab4_new/Lab4.runs/impl_1/lab4.bit} [get_hw_devices xc7a35t_0]
program_hw_devices [get_hw_devices xc7a35t_0]
INFO: [Labtools 27-3164] End of startup status: HIGH
refresh_hw_device [lindex [get_hw_devices xc7a35t_0] 0]
INFO: [Labtools 27-1434] Device xc7a35t (JTAG device index = 0) is programmed with a design that has no supported debug core(s) in it.
reset_run synth_1
launch_runs impl_1 -to_step write_bitstream -jobs 3
[Sat Oct 22 00:40:44 2022] Launched synth_1...
Run output will be captured here: C:/Users/Shlab_31/Desktop/Lab4_new/Lab4.runs/synth_1/runme.log
[Sat Oct 22 00:40:44 2022] Launched impl_1...
Run output will be captured here: C:/Users/Shlab_31/Desktop/Lab4_new/Lab4.runs/impl_1/runme.log
reset_run impl_1
reset_run synth_1
launch_runs impl_1 -to_step write_bitstream -jobs 3
[Sat Oct 22 00:42:28 2022] Launched synth_1...
Run output will be captured here: C:/Users/Shlab_31/Desktop/Lab4_new/Lab4.runs/synth_1/runme.log
[Sat Oct 22 00:42:28 2022] Launched impl_1...
Run output will be captured here: C:/Users/Shlab_31/Desktop/Lab4_new/Lab4.runs/impl_1/runme.log
set_property PROBES.FILE {} [get_hw_devices xc7a35t_0]
set_property FULL_PROBES.FILE {} [get_hw_devices xc7a35t_0]
set_property PROGRAM.FILE {C:/Users/Shlab_31/Desktop/Lab4_new/Lab4.runs/impl_1/lab4.bit} [get_hw_devices xc7a35t_0]
program_hw_devices [get_hw_devices xc7a35t_0]
INFO: [Labtools 27-3164] End of startup status: HIGH
refresh_hw_device [lindex [get_hw_devices xc7a35t_0] 0]
INFO: [Labtools 27-1434] Device xc7a35t (JTAG device index = 0) is programmed with a design that has no supported debug core(s) in it.
set_property PROBES.FILE {} [get_hw_devices xc7a35t_0]
set_property FULL_PROBES.FILE {} [get_hw_devices xc7a35t_0]
set_property PROGRAM.FILE {C:/Users/Shlab_31/Desktop/Lab4_new/Lab4.runs/impl_1/lab4.bit} [get_hw_devices xc7a35t_0]
program_hw_devices [get_hw_devices xc7a35t_0]
INFO: [Labtools 27-3164] End of startup status: HIGH
refresh_hw_device [lindex [get_hw_devices xc7a35t_0] 0]
INFO: [Labtools 27-1434] Device xc7a35t (JTAG device index = 0) is programmed with a design that has no supported debug core(s) in it.
reset_run synth_1
launch_runs impl_1 -to_step write_bitstream -jobs 3
[Sat Oct 22 00:53:07 2022] Launched synth_1...
Run output will be captured here: C:/Users/Shlab_31/Desktop/Lab4_new/Lab4.runs/synth_1/runme.log
[Sat Oct 22 00:53:07 2022] Launched impl_1...
Run output will be captured here: C:/Users/Shlab_31/Desktop/Lab4_new/Lab4.runs/impl_1/runme.log
set_property PROBES.FILE {} [get_hw_devices xc7a35t_0]
set_property FULL_PROBES.FILE {} [get_hw_devices xc7a35t_0]
set_property PROGRAM.FILE {C:/Users/Shlab_31/Desktop/Lab4_new/Lab4.runs/impl_1/lab4.bit} [get_hw_devices xc7a35t_0]
program_hw_devices [get_hw_devices xc7a35t_0]
INFO: [Labtools 27-3164] End of startup status: HIGH
refresh_hw_device [lindex [get_hw_devices xc7a35t_0] 0]
INFO: [Labtools 27-1434] Device xc7a35t (JTAG device index = 0) is programmed with a design that has no supported debug core(s) in it.
reset_run synth_1
launch_runs impl_1 -to_step write_bitstream -jobs 3
[Sat Oct 22 01:03:57 2022] Launched synth_1...
Run output will be captured here: C:/Users/Shlab_31/Desktop/Lab4_new/Lab4.runs/synth_1/runme.log
[Sat Oct 22 01:03:57 2022] Launched impl_1...
Run output will be captured here: C:/Users/Shlab_31/Desktop/Lab4_new/Lab4.runs/impl_1/runme.log
set_property PROBES.FILE {} [get_hw_devices xc7a35t_0]
set_property FULL_PROBES.FILE {} [get_hw_devices xc7a35t_0]
set_property PROGRAM.FILE {C:/Users/Shlab_31/Desktop/Lab4_new/Lab4.runs/impl_1/lab4.bit} [get_hw_devices xc7a35t_0]
program_hw_devices [get_hw_devices xc7a35t_0]
INFO: [Labtools 27-3164] End of startup status: HIGH
refresh_hw_device [lindex [get_hw_devices xc7a35t_0] 0]
INFO: [Labtools 27-1434] Device xc7a35t (JTAG device index = 0) is programmed with a design that has no supported debug core(s) in it.
reset_run synth_1
launch_runs impl_1 -to_step write_bitstream -jobs 3
[Sat Oct 22 01:29:18 2022] Launched synth_1...
Run output will be captured here: C:/Users/Shlab_31/Desktop/Lab4_new/Lab4.runs/synth_1/runme.log
[Sat Oct 22 01:29:18 2022] Launched impl_1...
Run output will be captured here: C:/Users/Shlab_31/Desktop/Lab4_new/Lab4.runs/impl_1/runme.log
reset_run synth_1
launch_runs impl_1 -to_step write_bitstream -jobs 3
[Sat Oct 22 01:32:51 2022] Launched synth_1...
Run output will be captured here: C:/Users/Shlab_31/Desktop/Lab4_new/Lab4.runs/synth_1/runme.log
[Sat Oct 22 01:32:51 2022] Launched impl_1...
Run output will be captured here: C:/Users/Shlab_31/Desktop/Lab4_new/Lab4.runs/impl_1/runme.log
set_property PROBES.FILE {} [get_hw_devices xc7a35t_0]
set_property FULL_PROBES.FILE {} [get_hw_devices xc7a35t_0]
set_property PROGRAM.FILE {C:/Users/Shlab_31/Desktop/Lab4_new/Lab4.runs/impl_1/lab4.bit} [get_hw_devices xc7a35t_0]
program_hw_devices [get_hw_devices xc7a35t_0]
INFO: [Labtools 27-3164] End of startup status: HIGH
refresh_hw_device [lindex [get_hw_devices xc7a35t_0] 0]
INFO: [Labtools 27-1434] Device xc7a35t (JTAG device index = 0) is programmed with a design that has no supported debug core(s) in it.
reset_run synth_1
launch_runs impl_1 -to_step write_bitstream -jobs 3
[Sat Oct 22 01:38:34 2022] Launched synth_1...
Run output will be captured here: C:/Users/Shlab_31/Desktop/Lab4_new/Lab4.runs/synth_1/runme.log
[Sat Oct 22 01:38:34 2022] Launched impl_1...
Run output will be captured here: C:/Users/Shlab_31/Desktop/Lab4_new/Lab4.runs/impl_1/runme.log
set_property PROBES.FILE {} [get_hw_devices xc7a35t_0]
set_property FULL_PROBES.FILE {} [get_hw_devices xc7a35t_0]
set_property PROGRAM.FILE {C:/Users/Shlab_31/Desktop/Lab4_new/Lab4.runs/impl_1/lab4.bit} [get_hw_devices xc7a35t_0]
program_hw_devices [get_hw_devices xc7a35t_0]
INFO: [Labtools 27-3164] End of startup status: HIGH
refresh_hw_device [lindex [get_hw_devices xc7a35t_0] 0]
INFO: [Labtools 27-1434] Device xc7a35t (JTAG device index = 0) is programmed with a design that has no supported debug core(s) in it.
set_property PROBES.FILE {} [get_hw_devices xc7a35t_0]
set_property FULL_PROBES.FILE {} [get_hw_devices xc7a35t_0]
set_property PROGRAM.FILE {C:/Users/Shlab_31/Desktop/Lab4_new/Lab4.runs/impl_1/lab4.bit} [get_hw_devices xc7a35t_0]
program_hw_devices [get_hw_devices xc7a35t_0]
INFO: [Labtools 27-3164] End of startup status: HIGH
refresh_hw_device [lindex [get_hw_devices xc7a35t_0] 0]
INFO: [Labtools 27-1434] Device xc7a35t (JTAG device index = 0) is programmed with a design that has no supported debug core(s) in it.
set_property PROBES.FILE {} [get_hw_devices xc7a35t_0]
set_property FULL_PROBES.FILE {} [get_hw_devices xc7a35t_0]
set_property PROGRAM.FILE {C:/Users/Shlab_31/Desktop/Lab4_new/Lab4.runs/impl_1/lab4.bit} [get_hw_devices xc7a35t_0]
program_hw_devices [get_hw_devices xc7a35t_0]
INFO: [Labtools 27-3164] End of startup status: HIGH
refresh_hw_device [lindex [get_hw_devices xc7a35t_0] 0]
INFO: [Labtools 27-1434] Device xc7a35t (JTAG device index = 0) is programmed with a design that has no supported debug core(s) in it.
reset_run synth_1
launch_runs impl_1 -to_step write_bitstream -jobs 3
[Sat Oct 22 01:46:27 2022] Launched synth_1...
Run output will be captured here: C:/Users/Shlab_31/Desktop/Lab4_new/Lab4.runs/synth_1/runme.log
[Sat Oct 22 01:46:27 2022] Launched impl_1...
Run output will be captured here: C:/Users/Shlab_31/Desktop/Lab4_new/Lab4.runs/impl_1/runme.log
reset_run synth_1
WARNING: [Vivado 12-1017] Problems encountered:
1. PID not specified

launch_runs impl_1 -to_step write_bitstream -jobs 3
[Sat Oct 22 01:46:32 2022] Launched synth_1...
Run output will be captured here: C:/Users/Shlab_31/Desktop/Lab4_new/Lab4.runs/synth_1/runme.log
[Sat Oct 22 01:46:32 2022] Launched impl_1...
Run output will be captured here: C:/Users/Shlab_31/Desktop/Lab4_new/Lab4.runs/impl_1/runme.log
set_property PROBES.FILE {} [get_hw_devices xc7a35t_0]
set_property FULL_PROBES.FILE {} [get_hw_devices xc7a35t_0]
set_property PROGRAM.FILE {C:/Users/Shlab_31/Desktop/Lab4_new/Lab4.runs/impl_1/lab4.bit} [get_hw_devices xc7a35t_0]
program_hw_devices [get_hw_devices xc7a35t_0]
INFO: [Labtools 27-3164] End of startup status: HIGH
refresh_hw_device [lindex [get_hw_devices xc7a35t_0] 0]
INFO: [Labtools 27-1434] Device xc7a35t (JTAG device index = 0) is programmed with a design that has no supported debug core(s) in it.
reset_run synth_1
launch_runs impl_1 -to_step write_bitstream -jobs 3
[Sat Oct 22 01:52:06 2022] Launched synth_1...
Run output will be captured here: C:/Users/Shlab_31/Desktop/Lab4_new/Lab4.runs/synth_1/runme.log
[Sat Oct 22 01:52:06 2022] Launched impl_1...
Run output will be captured here: C:/Users/Shlab_31/Desktop/Lab4_new/Lab4.runs/impl_1/runme.log
set_property PROBES.FILE {} [get_hw_devices xc7a35t_0]
set_property FULL_PROBES.FILE {} [get_hw_devices xc7a35t_0]
set_property PROGRAM.FILE {C:/Users/Shlab_31/Desktop/Lab4_new/Lab4.runs/impl_1/lab4.bit} [get_hw_devices xc7a35t_0]
program_hw_devices [get_hw_devices xc7a35t_0]
INFO: [Labtools 27-3164] End of startup status: HIGH
refresh_hw_device [lindex [get_hw_devices xc7a35t_0] 0]
INFO: [Labtools 27-1434] Device xc7a35t (JTAG device index = 0) is programmed with a design that has no supported debug core(s) in it.
reset_run synth_1
launch_runs impl_1 -to_step write_bitstream -jobs 3
[Sat Oct 22 01:57:56 2022] Launched synth_1...
Run output will be captured here: C:/Users/Shlab_31/Desktop/Lab4_new/Lab4.runs/synth_1/runme.log
[Sat Oct 22 01:57:56 2022] Launched impl_1...
Run output will be captured here: C:/Users/Shlab_31/Desktop/Lab4_new/Lab4.runs/impl_1/runme.log
set_property PROBES.FILE {} [get_hw_devices xc7a35t_0]
set_property FULL_PROBES.FILE {} [get_hw_devices xc7a35t_0]
set_property PROGRAM.FILE {C:/Users/Shlab_31/Desktop/Lab4_new/Lab4.runs/impl_1/lab4.bit} [get_hw_devices xc7a35t_0]
program_hw_devices [get_hw_devices xc7a35t_0]
INFO: [Labtools 27-3164] End of startup status: HIGH
refresh_hw_device [lindex [get_hw_devices xc7a35t_0] 0]
INFO: [Labtools 27-1434] Device xc7a35t (JTAG device index = 0) is programmed with a design that has no supported debug core(s) in it.
reset_run synth_1
launch_runs impl_1 -to_step write_bitstream -jobs 3
[Sat Oct 22 02:05:57 2022] Launched synth_1...
Run output will be captured here: C:/Users/Shlab_31/Desktop/Lab4_new/Lab4.runs/synth_1/runme.log
[Sat Oct 22 02:05:57 2022] Launched impl_1...
Run output will be captured here: C:/Users/Shlab_31/Desktop/Lab4_new/Lab4.runs/impl_1/runme.log
set_property PROBES.FILE {} [get_hw_devices xc7a35t_0]
set_property FULL_PROBES.FILE {} [get_hw_devices xc7a35t_0]
set_property PROGRAM.FILE {C:/Users/Shlab_31/Desktop/Lab4_new/Lab4.runs/impl_1/lab4.bit} [get_hw_devices xc7a35t_0]
program_hw_devices [get_hw_devices xc7a35t_0]
INFO: [Labtools 27-3164] End of startup status: HIGH
refresh_hw_device [lindex [get_hw_devices xc7a35t_0] 0]
INFO: [Labtools 27-1434] Device xc7a35t (JTAG device index = 0) is programmed with a design that has no supported debug core(s) in it.
reset_run synth_1
launch_runs impl_1 -to_step write_bitstream -jobs 3
[Sat Oct 22 02:08:47 2022] Launched synth_1...
Run output will be captured here: C:/Users/Shlab_31/Desktop/Lab4_new/Lab4.runs/synth_1/runme.log
[Sat Oct 22 02:08:47 2022] Launched impl_1...
Run output will be captured here: C:/Users/Shlab_31/Desktop/Lab4_new/Lab4.runs/impl_1/runme.log
set_property PROBES.FILE {} [get_hw_devices xc7a35t_0]
set_property FULL_PROBES.FILE {} [get_hw_devices xc7a35t_0]
set_property PROGRAM.FILE {C:/Users/Shlab_31/Desktop/Lab4_new/Lab4.runs/impl_1/lab4.bit} [get_hw_devices xc7a35t_0]
program_hw_devices [get_hw_devices xc7a35t_0]
INFO: [Labtools 27-3164] End of startup status: HIGH
refresh_hw_device [lindex [get_hw_devices xc7a35t_0] 0]
INFO: [Labtools 27-1434] Device xc7a35t (JTAG device index = 0) is programmed with a design that has no supported debug core(s) in it.
reset_run synth_1
launch_runs impl_1 -to_step write_bitstream -jobs 3
[Sat Oct 22 02:21:53 2022] Launched synth_1...
Run output will be captured here: C:/Users/Shlab_31/Desktop/Lab4_new/Lab4.runs/synth_1/runme.log
[Sat Oct 22 02:21:53 2022] Launched impl_1...
Run output will be captured here: C:/Users/Shlab_31/Desktop/Lab4_new/Lab4.runs/impl_1/runme.log
set_property PROBES.FILE {} [get_hw_devices xc7a35t_0]
set_property FULL_PROBES.FILE {} [get_hw_devices xc7a35t_0]
set_property PROGRAM.FILE {C:/Users/Shlab_31/Desktop/Lab4_new/Lab4.runs/impl_1/lab4.bit} [get_hw_devices xc7a35t_0]
program_hw_devices [get_hw_devices xc7a35t_0]
INFO: [Labtools 27-3164] End of startup status: HIGH
refresh_hw_device [lindex [get_hw_devices xc7a35t_0] 0]
INFO: [Labtools 27-1434] Device xc7a35t (JTAG device index = 0) is programmed with a design that has no supported debug core(s) in it.
reset_run synth_1
launch_runs impl_1 -to_step write_bitstream -jobs 3
[Sat Oct 22 02:25:48 2022] Launched synth_1...
Run output will be captured here: C:/Users/Shlab_31/Desktop/Lab4_new/Lab4.runs/synth_1/runme.log
[Sat Oct 22 02:25:48 2022] Launched impl_1...
Run output will be captured here: C:/Users/Shlab_31/Desktop/Lab4_new/Lab4.runs/impl_1/runme.log
set_property PROBES.FILE {} [get_hw_devices xc7a35t_0]
set_property FULL_PROBES.FILE {} [get_hw_devices xc7a35t_0]
set_property PROGRAM.FILE {C:/Users/Shlab_31/Desktop/Lab4_new/Lab4.runs/impl_1/lab4.bit} [get_hw_devices xc7a35t_0]
program_hw_devices [get_hw_devices xc7a35t_0]
INFO: [Labtools 27-3164] End of startup status: HIGH
refresh_hw_device [lindex [get_hw_devices xc7a35t_0] 0]
INFO: [Labtools 27-1434] Device xc7a35t (JTAG device index = 0) is programmed with a design that has no supported debug core(s) in it.
exit
INFO: [Common 17-206] Exiting Vivado at Sat Oct 22 02:28:43 2022...
